<?xml version="1.0" encoding="UTF-8"?>
<testsuite name="kr.co.voxelite.physics.RayCasterEdgeCaseTest" tests="9" skipped="0" failures="0" errors="0" timestamp="2026-02-01T09:47:06" hostname="bagjonghaui-MacBookPro.local" time="0.009">
  <properties/>
  <testcase name="raycast_WithInfinityOrigin_ShouldNotCrash()" classname="kr.co.voxelite.physics.RayCasterEdgeCaseTest" time="0.002"/>
  <testcase name="raycast_WithNaNDirection_ShouldNotCrash()" classname="kr.co.voxelite.physics.RayCasterEdgeCaseTest" time="0.001"/>
  <testcase name="raycast_WithInfinityDirection_ShouldNotCrash()" classname="kr.co.voxelite.physics.RayCasterEdgeCaseTest" time="0.0"/>
  <testcase name="raycastWithFace_WithInfinityOrigin_ShouldNotCrash()" classname="kr.co.voxelite.physics.RayCasterEdgeCaseTest" time="0.0"/>
  <testcase name="raycastWithFace_WithNaNOrigin_ShouldNotCrash()" classname="kr.co.voxelite.physics.RayCasterEdgeCaseTest" time="0.001"/>
  <testcase name="raycast_BlockWithInfinityPosition_ShouldNotCrash()" classname="kr.co.voxelite.physics.RayCasterEdgeCaseTest" time="0.0"/>
  <testcase name="raycast_WithZeroDirection_ShouldNotCrash()" classname="kr.co.voxelite.physics.RayCasterEdgeCaseTest" time="0.0"/>
  <testcase name="raycast_BlockWithNaNPosition_ShouldNotCrash()" classname="kr.co.voxelite.physics.RayCasterEdgeCaseTest" time="0.0"/>
  <testcase name="raycast_WithNaNOrigin_ShouldNotCrash()" classname="kr.co.voxelite.physics.RayCasterEdgeCaseTest" time="0.0"/>
  <system-out><![CDATA[]]></system-out>
  <system-err><![CDATA[]]></system-err>
</testsuite>
