<?xml version="1.0" encoding="UTF-8"?>
<testsuite name="kr.co.voxelite.engine.VoxeliteConfigTest" tests="12" skipped="0" failures="0" errors="0" timestamp="2026-02-01T09:47:06" hostname="bagjonghaui-MacBookPro.local" time="0.015">
  <properties/>
  <testcase name="builder_GroundLevel_ShouldSetLevel()" classname="kr.co.voxelite.engine.VoxeliteConfigTest" time="0.007"/>
  <testcase name="builder_ChainedCalls_ShouldWork()" classname="kr.co.voxelite.engine.VoxeliteConfigTest" time="0.001"/>
  <testcase name="constructor_ShouldCreateDefaultConfig()" classname="kr.co.voxelite.engine.VoxeliteConfigTest" time="0.001"/>
  <testcase name="builder_PlayerSpeed_ShouldSetSpeed()" classname="kr.co.voxelite.engine.VoxeliteConfigTest" time="0.0"/>
  <testcase name="builder_WorldSize_ShouldSetWidthAndHeight()" classname="kr.co.voxelite.engine.VoxeliteConfigTest" time="0.0"/>
  <testcase name="builder_MouseSensitivity_ShouldSetSensitivity()" classname="kr.co.voxelite.engine.VoxeliteConfigTest" time="0.0"/>
  <testcase name="builder_TextureAtlasPath_ShouldSetPath()" classname="kr.co.voxelite.engine.VoxeliteConfigTest" time="0.001"/>
  <testcase name="builder_PlayerStart_ShouldSetPosition()" classname="kr.co.voxelite.engine.VoxeliteConfigTest" time="0.0"/>
  <testcase name="builder_FieldOfView_ShouldSetFOV()" classname="kr.co.voxelite.engine.VoxeliteConfigTest" time="0.001"/>
  <testcase name="builder_CameraPitch_ShouldSetPitch()" classname="kr.co.voxelite.engine.VoxeliteConfigTest" time="0.0"/>
  <testcase name="builder_DefaultGroundBlockType_ShouldSetType()" classname="kr.co.voxelite.engine.VoxeliteConfigTest" time="0.0"/>
  <testcase name="builder_AutoCreateGround_ShouldSetFlag()" classname="kr.co.voxelite.engine.VoxeliteConfigTest" time="0.0"/>
  <system-out><![CDATA[]]></system-out>
  <system-err><![CDATA[]]></system-err>
</testsuite>
