<?xml version="1.0" encoding="UTF-8"?>
<testsuite name="kr.co.voxelite.entity.PlayerEdgeCaseTest" tests="12" skipped="0" failures="0" errors="0" timestamp="2026-02-01T09:47:06" hostname="bagjonghaui-MacBookPro.local" time="0.005">
  <properties/>
  <testcase name="getAABB_WithNaNPosition_ShouldNotCrash()" classname="kr.co.voxelite.entity.PlayerEdgeCaseTest" time="0.001"/>
  <testcase name="getAABB_WithInfinityPosition_ShouldNotCrash()" classname="kr.co.voxelite.entity.PlayerEdgeCaseTest" time="0.0"/>
  <testcase name="setPosition_NaNCoordinates_ShouldAccept()" classname="kr.co.voxelite.entity.PlayerEdgeCaseTest" time="0.001"/>
  <testcase name="setPosition_NegativeInfinityCoordinates_ShouldAccept()" classname="kr.co.voxelite.entity.PlayerEdgeCaseTest" time="0.0"/>
  <testcase name="setPosition_InfinityCoordinates_ShouldAccept()" classname="kr.co.voxelite.entity.PlayerEdgeCaseTest" time="0.0"/>
  <testcase name="getEyePosition_WithNaNPosition_ShouldReturnNaN()" classname="kr.co.voxelite.entity.PlayerEdgeCaseTest" time="0.0"/>
  <testcase name="setOnGround_WithNaNPosition_ShouldAccept()" classname="kr.co.voxelite.entity.PlayerEdgeCaseTest" time="0.0"/>
  <testcase name="getVelocity_ShouldAllowInfinityValues()" classname="kr.co.voxelite.entity.PlayerEdgeCaseTest" time="0.0"/>
  <testcase name="getVelocity_ShouldAllowNaNValues()" classname="kr.co.voxelite.entity.PlayerEdgeCaseTest" time="0.001"/>
  <testcase name="setPosition_InfinityVector3_ShouldNotCrash()" classname="kr.co.voxelite.entity.PlayerEdgeCaseTest" time="0.0"/>
  <testcase name="setPosition_NaNVector3_ShouldNotCrash()" classname="kr.co.voxelite.entity.PlayerEdgeCaseTest" time="0.001"/>
  <testcase name="getEyePosition_WithInfinityPosition_ShouldReturnInfinity()" classname="kr.co.voxelite.entity.PlayerEdgeCaseTest" time="0.0"/>
  <system-out><![CDATA[]]></system-out>
  <system-err><![CDATA[]]></system-err>
</testsuite>
