<?xml version="1.0" encoding="UTF-8"?>
<testsuite name="kr.co.voxelite.world.BlockManagerEdgeCaseTest" tests="10" skipped="0" failures="0" errors="0" timestamp="2026-02-01T09:47:06" hostname="bagjonghaui-MacBookPro.local" time="0.023">
  <properties/>
  <testcase name="createBlockInstances_WithInfinityPosition_ShouldNotCrash()" classname="kr.co.voxelite.world.BlockManagerEdgeCaseTest" time="0.0"/>
  <testcase name="createBlockInstances_MultipleCalls_ShouldCacheModels()" classname="kr.co.voxelite.world.BlockManagerEdgeCaseTest" time="0.0"/>
  <testcase name="createBlockInstances_AfterDispose_ShouldNotCrash()" classname="kr.co.voxelite.world.BlockManagerEdgeCaseTest" time="0.0"/>
  <testcase name="createBlockInstances_NegativeBlockType_ShouldNotCrash()" classname="kr.co.voxelite.world.BlockManagerEdgeCaseTest" time="0.001"/>
  <testcase name="dispose_AfterCreateInstances_ShouldNotCrash()" classname="kr.co.voxelite.world.BlockManagerEdgeCaseTest" time="0.0"/>
  <testcase name="constructor_EmptyTexturePath_ShouldUseFallback()" classname="kr.co.voxelite.world.BlockManagerEdgeCaseTest" time="0.018"/>
  <testcase name="dispose_Twice_ShouldNotCrash()" classname="kr.co.voxelite.world.BlockManagerEdgeCaseTest" time="0.0"/>
  <testcase name="constructor_InvalidTexturePath_ShouldUseFallback()" classname="kr.co.voxelite.world.BlockManagerEdgeCaseTest" time="0.001"/>
  <testcase name="createBlockInstances_VeryLargeBlockType_ShouldNotCrash()" classname="kr.co.voxelite.world.BlockManagerEdgeCaseTest" time="0.0"/>
  <testcase name="createBlockInstances_WithNaNPosition_ShouldNotCrash()" classname="kr.co.voxelite.world.BlockManagerEdgeCaseTest" time="0.0"/>
  <system-out><![CDATA[]]></system-out>
  <system-err><![CDATA[]]></system-err>
</testsuite>
