<?xml version="1.0" encoding="UTF-8"?>
<testsuite name="kr.co.voxelite.physics.PhysicsSystemEdgeCaseTest" tests="16" skipped="0" failures="0" errors="0" timestamp="2026-02-01T09:47:06" hostname="bagjonghaui-MacBookPro.local" time="0.427">
  <properties/>
  <testcase name="update_NegativeInfinityDelta_ShouldNotCrash()" classname="kr.co.voxelite.physics.PhysicsSystemEdgeCaseTest" time="0.4"/>
  <testcase name="update_NegativeDelta_ShouldNotCrash()" classname="kr.co.voxelite.physics.PhysicsSystemEdgeCaseTest" time="0.002"/>
  <testcase name="update_VeryLargeDelta_ShouldNotCrash()" classname="kr.co.voxelite.physics.PhysicsSystemEdgeCaseTest" time="0.002"/>
  <testcase name="update_NaNDelta_ShouldNotCrash()" classname="kr.co.voxelite.physics.PhysicsSystemEdgeCaseTest" time="0.002"/>
  <testcase name="update_ZeroDelta_ShouldNotCrash()" classname="kr.co.voxelite.physics.PhysicsSystemEdgeCaseTest" time="0.001"/>
  <testcase name="update_PlayerMovingWithLargeDelta_ShouldMoveFar()" classname="kr.co.voxelite.physics.PhysicsSystemEdgeCaseTest" time="0.001"/>
  <testcase name="update_PlayerWithInfinityPosition_ShouldNotCrash()" classname="kr.co.voxelite.physics.PhysicsSystemEdgeCaseTest" time="0.002"/>
  <testcase name="update_NoCollision_ShouldNotReturnExtremeValues()" classname="kr.co.voxelite.physics.PhysicsSystemEdgeCaseTest" time="0.002"/>
  <testcase name="tryJump_PlayerWithInfinityPosition_ShouldNotCrash()" classname="kr.co.voxelite.physics.PhysicsSystemEdgeCaseTest" time="0.001"/>
  <testcase name="update_PlayerWithNaNPosition_ShouldNotCrash()" classname="kr.co.voxelite.physics.PhysicsSystemEdgeCaseTest" time="0.001"/>
  <testcase name="update_PlayerWithInfinityVelocity_ShouldNotCrash()" classname="kr.co.voxelite.physics.PhysicsSystemEdgeCaseTest" time="0.002"/>
  <testcase name="update_PositiveInfinityDelta_ShouldNotCrash()" classname="kr.co.voxelite.physics.PhysicsSystemEdgeCaseTest" time="0.001"/>
  <testcase name="update_PlayerFallingWithLargeDelta_ShouldClampVelocity()" classname="kr.co.voxelite.physics.PhysicsSystemEdgeCaseTest" time="0.001"/>
  <testcase name="update_VerySmallDelta_ShouldNotCrash()" classname="kr.co.voxelite.physics.PhysicsSystemEdgeCaseTest" time="0.001"/>
  <testcase name="tryJump_PlayerWithNaNPosition_ShouldNotCrash()" classname="kr.co.voxelite.physics.PhysicsSystemEdgeCaseTest" time="0.001"/>
  <testcase name="update_PlayerWithNaNVelocity_ShouldNotCrash()" classname="kr.co.voxelite.physics.PhysicsSystemEdgeCaseTest" time="0.001"/>
  <system-out><![CDATA[]]></system-out>
  <system-err><![CDATA[WARNING: A Java agent has been loaded dynamically (/private/var/folders/f0/vyk3_gzd5851m1gy67yncg9w0000gn/T/cursor-sandbox-cache/1aafcee04938437337b544a2d2d40122/gradle/caches/modules-2/files-2.1/net.bytebuddy/byte-buddy-agent/1.14.4/3bf5ac1104554908cc623e40e58a00be37c35f36/byte-buddy-agent-1.14.4.jar)
WARNING: If a serviceability tool is in use, please run with -XX:+EnableDynamicAgentLoading to hide this warning
WARNING: If a serviceability tool is not in use, please run with -Djdk.instrument.traceUsage for more information
WARNING: Dynamic loading of agents will be disallowed by default in a future release
]]></system-err>
</testsuite>
