<?xml version="1.0" encoding="UTF-8"?>
<testsuite name="kr.co.voxelite.entity.PlayerTest" tests="12" skipped="0" failures="0" errors="0" timestamp="2026-02-01T09:47:06" hostname="bagjonghaui-MacBookPro.local" time="0.003">
  <properties/>
  <testcase name="constructor_ShouldInitializeWithStartPosition()" classname="kr.co.voxelite.entity.PlayerTest" time="0.0"/>
  <testcase name="setOnGround_ShouldUpdateGroundState()" classname="kr.co.voxelite.entity.PlayerTest" time="0.0"/>
  <testcase name="constants_ShouldHaveCorrectValues()" classname="kr.co.voxelite.entity.PlayerTest" time="0.0"/>
  <testcase name="getEyePosition_ShouldReturnCorrectEyeHeight()" classname="kr.co.voxelite.entity.PlayerTest" time="0.0"/>
  <testcase name="getAABB_ShouldReturnCorrectDimensions()" classname="kr.co.voxelite.entity.PlayerTest" time="0.0"/>
  <testcase name="setPosition_WithFloats_ShouldUpdatePosition()" classname="kr.co.voxelite.entity.PlayerTest" time="0.0"/>
  <testcase name="getVelocity_ShouldReturnMutableVelocity()" classname="kr.co.voxelite.entity.PlayerTest" time="0.0"/>
  <testcase name="getEyePosition_ShouldReturnNewVector()" classname="kr.co.voxelite.entity.PlayerTest" time="0.0"/>
  <testcase name="constructor_ShouldInitializeOnGround()" classname="kr.co.voxelite.entity.PlayerTest" time="0.0"/>
  <testcase name="constructor_ShouldInitializeVelocityToZero()" classname="kr.co.voxelite.entity.PlayerTest" time="0.0"/>
  <testcase name="setPosition_ShouldUpdateAABB()" classname="kr.co.voxelite.entity.PlayerTest" time="0.0"/>
  <testcase name="setPosition_WithVector3_ShouldUpdatePosition()" classname="kr.co.voxelite.entity.PlayerTest" time="0.0"/>
  <system-out><![CDATA[]]></system-out>
  <system-err><![CDATA[]]></system-err>
</testsuite>
